<?xml version="1.0" encoding="UTF-8"?>
<!-- Generated by org.testng.reporters.JUnitXMLReporter -->
<testsuite ignored="3" hostname="Chrisys-MBP.hub" failures="0" tests="1" name="Default test" time="8.495" errors="0" timestamp="28 Nov 2021 20:44:14 GMT">
  <testcase classname="com.jupitor.qa.testcases.ShopPageTest" name="Each_Product_sub_total" time="1.848"/>
  <testcase classname="com.jupitor.qa.testcases.ShopPageTest" name="Validate_Price_for_each_product" time="0.0">
    <ignored/>
  </testcase> <!-- Validate_Price_for_each_product -->
  <testcase classname="com.jupitor.qa.testcases.ShopPageTest" name="Validate_Buy_Animals_Test" time="0.0">
    <ignored/>
  </testcase> <!-- Validate_Buy_Animals_Test -->
  <testcase classname="com.jupitor.qa.testcases.ShopPageTest" name="ShopPage_TitleTest" time="0.0">
    <ignored/>
  </testcase> <!-- ShopPage_TitleTest -->
</testsuite> <!-- Default test -->
