<?xml version="1.0" encoding="UTF-8"?>
<!-- Generated by org.testng.reporters.JUnitXMLReporter -->
<testsuite ignored="0" hostname="Chrisys-MBP.hub" failures="0" tests="11" name="Jupitor Toys Test Cases" time="72.948" errors="0" timestamp="28 Nov 2021 21:58:42 GMT">
  <testcase classname="com.jupitor.qa.testcases.Toy_homePage_test" name="contactPageTitleTest" time="0.237"/>
  <testcase classname="com.jupitor.qa.testcases.Toy_ContactsPage_test" name="ValidateSuccessfullSubmission" time="9.234"/>
  <testcase classname="com.jupitor.qa.testcases.Toy_ContactsPage_test" name="ValidateSuccessfullSubmission" time="3.762"/>
  <testcase classname="com.jupitor.qa.testcases.ShopPageTest" name="ShopPage_TitleTest" time="0.393"/>
  <testcase classname="com.jupitor.qa.testcases.Toy_ContactsPage_test" name="validateErrors" time="0.809"/>
  <testcase classname="com.jupitor.qa.testcases.ShopPageTest" name="Validate_Buy_Animals_Test" time="1.219"/>
  <testcase classname="com.jupitor.qa.testcases.Toy_ContactsPage_test" name="Populate_mandatory_filelds" time="1.546"/>
  <testcase classname="com.jupitor.qa.testcases.ShopPageTest" name="Each_Product_sub_total" time="1.486"/>
  <testcase classname="com.jupitor.qa.testcases.ShopPageTest" name="Validate_Price_for_each_product" time="1.863"/>
  <testcase classname="com.jupitor.qa.testcases.Toy_ContactsPage_test" name="Validate_Errors_Are_Gone" time="0.144"/>
  <testcase classname="com.jupitor.qa.testcases.Toy_ContactsPage_test" name="verifyContactsLinkTest" time="0.439"/>
</testsuite> <!-- Jupitor Toys Test Cases -->
